<?xml version="1.0" encoding="UTF-8"?>
<testng-results skipped="0" failed="0" total="1" passed="1">
  <reporter-output>
  </reporter-output>
  <suite name="Default suite" duration-ms="7356" started-at="2019-06-29T16:05:36Z" finished-at="2019-06-29T16:05:43Z">
    <groups>
    </groups>
    <test name="Default test" duration-ms="7356" started-at="2019-06-29T16:05:36Z" finished-at="2019-06-29T16:05:43Z">
      <class name="org.mma.training.selenium.NewTest">
        <test-method status="PASS" signature="setUp()[pri:0, instance:org.mma.training.selenium.NewTest@6d00a15d]" name="setUp" is-config="true" duration-ms="3912" started-at="2019-06-29T12:05:36Z" finished-at="2019-06-29T12:05:40Z">
          <reporter-output>
          </reporter-output>
        </test-method> <!-- setUp -->
        <test-method status="PASS" signature="testGooglePageTitleInIEBrowser()[pri:0, instance:org.mma.training.selenium.NewTest@6d00a15d]" name="testGooglePageTitleInIEBrowser" duration-ms="2769" started-at="2019-06-29T12:05:40Z" finished-at="2019-06-29T12:05:43Z">
          <reporter-output>
          </reporter-output>
        </test-method> <!-- testGooglePageTitleInIEBrowser -->
        <test-method status="PASS" signature="tearDown()[pri:0, instance:org.mma.training.selenium.NewTest@6d00a15d]" name="tearDown" is-config="true" duration-ms="663" started-at="2019-06-29T12:05:43Z" finished-at="2019-06-29T12:05:43Z">
          <reporter-output>
          </reporter-output>
        </test-method> <!-- tearDown -->
      </class> <!-- org.mma.training.selenium.NewTest -->
    </test> <!-- Default test -->
  </suite> <!-- Default suite -->
</testng-results>
